\BOOKMARK [1][-]{section.1}{Description:}{}% 1
\BOOKMARK [2][-]{subsection.1.1}{Requirements:}{section.1}% 2
\BOOKMARK [2][-]{subsection.1.2}{Extensions:}{section.1}% 3
\BOOKMARK [1][-]{section.2}{Assignment Structure}{}% 4
\BOOKMARK [1][-]{section.3}{Building the Custom Model}{}% 5
\BOOKMARK [2][-]{subsection.3.1}{Layers and Operations}{section.3}% 6
\BOOKMARK [2][-]{subsection.3.2}{Activation Function}{section.3}% 7
\BOOKMARK [2][-]{subsection.3.3}{Optimizers}{section.3}% 8
\BOOKMARK [2][-]{subsection.3.4}{CNN Architectures}{section.3}% 9
\BOOKMARK [2][-]{subsection.3.5}{My CNN Architecture}{section.3}% 10
\BOOKMARK [1][-]{section.4}{Custom Model on CIFAR}{}% 11
\BOOKMARK [2][-]{subsection.4.1}{Import and Preprocess Data}{section.4}% 12
\BOOKMARK [2][-]{subsection.4.2}{Model Training}{section.4}% 13
\BOOKMARK [2][-]{subsection.4.3}{Model Testing}{section.4}% 14
\BOOKMARK [1][-]{section.5}{Custom Model on Novel Dataset}{}% 15
\BOOKMARK [2][-]{subsection.5.1}{Import and Preprocess Data}{section.5}% 16
\BOOKMARK [2][-]{subsection.5.2}{Model Training}{section.5}% 17
\BOOKMARK [2][-]{subsection.5.3}{Model Testing}{section.5}% 18
\BOOKMARK [1][-]{section.6}{Result Summary}{}% 19
\BOOKMARK [2][-]{subsection.6.1}{CIFAR Performance}{section.6}% 20
\BOOKMARK [2][-]{subsection.6.2}{Novel Dataset Performance}{section.6}% 21
\BOOKMARK [2][-]{subsection.6.3}{Comparison}{section.6}% 22
